<?xml version="1.0" encoding="UTF-8"?>
<!-- Generated by org.testng.reporters.JUnitReportReporter -->
<testsuite skipped="0" hostname="prasanna-PC" name="scripts.ExecutionFile" tests="1" failures="0" timestamp="21 Dec 2018 14:52:14 GMT" time="67.970" errors="0">
  <testcase name="test" time="67.970" classname="scripts.ExecutionFile"/>
</testsuite> <!-- scripts.ExecutionFile -->
